<?xml version="1.0" encoding="UTF-8"?>
<!-- Generated by org.testng.reporters.JUnitXMLReporter -->
<testsuite ignored="0" hostname="Pareshs-Desktop-G38KTBS" failures="0" tests="5" name="Test" time="15.052" errors="0" timestamp="2024-07-26T17:51:10 IST">
  <testcase classname="groupExecution.jrNTR" name="main" time="3.753"/>
  <testcase classname="groupExecution.jrNTR" name="main1" time="2.659"/>
  <testcase classname="groupExecution.yash" name="main" time="3.399"/>
  <testcase classname="groupExecution.Suriya" name="main" time="2.671"/>
  <testcase classname="groupExecution.Prabhas" name="main" time="2.494"/>
</testsuite> <!-- Test -->
